# JRE version: Java(TM) SE Runtime Environment (8.0_201-b09) (build 1.8.0_201-b09)
# Java VM: Java HotSpot(TM) 64-Bit Server VM (25.201-b09 mixed mode linux-amd64 compressed oops)
Heap:
 PSYoungGen      total 308224K, used 14672K [0x0000000783100000, 0x0000000797b80000, 0x00000007c0000000)
  eden space 282112K, 0% used [0x0000000783100000,0x0000000783100000,0x0000000794480000)
  from space 26112K, 56% used [0x0000000794480000,0x00000007952d42a8,0x0000000795e00000)
  to   space 22528K, 0% used [0x0000000795e00000,0x0000000795e00000,0x0000000797400000)
 ParOldGen       total 162816K, used 42528K [0x0000000709200000, 0x0000000713100000, 0x0000000783100000)
  object space 162816K, 26% used [0x0000000709200000,0x000000070bb880e8,0x0000000713100000)
 Metaspace       used 45759K, capacity 46718K, committed 46936K, reserved 1089536K
  class space    used 5666K, capacity 5926K, committed 6016K, reserved 1048576K
GC Heap History (10 events):
Event: 6.309 GC heap after
Heap after GC invocations=6 (full 0):
 PSYoungGen      total 203776K, used 11461K [0x0000000783100000, 0x0000000790700000, 0x00000007c0000000)
  eden space 188416K, 0% used [0x0000000783100000,0x0000000783100000,0x000000078e900000)
  from space 15360K, 74% used [0x000000078f800000,0x0000000790331598,0x0000000790700000)
  to   space 15360K, 0% used [0x000000078e900000,0x000000078e900000,0x000000078f800000)
 ParOldGen       total 125952K, used 13044K [0x0000000709200000, 0x0000000710d00000, 0x0000000783100000)
  object space 125952K, 10% used [0x0000000709200000,0x0000000709ebd1c8,0x0000000710d00000)
 Metaspace       used 20594K, capacity 21204K, committed 21248K, reserved 1069056K
  class space    used 2429K, capacity 2559K, committed 2560K, reserved 1048576K
}
Event: 6.309 GC heap before
{Heap before GC invocations=7 (full 1):
 PSYoungGen      total 203776K, used 11461K [0x0000000783100000, 0x0000000790700000, 0x00000007c0000000)
  eden space 188416K, 0% used [0x0000000783100000,0x0000000783100000,0x000000078e900000)
  from space 15360K, 74% used [0x000000078f800000,0x0000000790331598,0x0000000790700000)
  to   space 15360K, 0% used [0x000000078e900000,0x000000078e900000,0x000000078f800000)
 ParOldGen       total 125952K, used 13044K [0x0000000709200000, 0x0000000710d00000, 0x0000000783100000)
  object space 125952K, 10% used [0x0000000709200000,0x0000000709ebd1c8,0x0000000710d00000)
 Metaspace       used 20594K, capacity 21204K, committed 21248K, reserved 1069056K
  class space    used 2429K, capacity 2559K, committed 2560K, reserved 1048576K
Event: 6.431 GC heap after
Heap after GC invocations=7 (full 1):
 PSYoungGen      total 203776K, used 0K [0x0000000783100000, 0x0000000790700000, 0x00000007c0000000)
  eden space 188416K, 0% used [0x0000000783100000,0x0000000783100000,0x000000078e900000)
  from space 15360K, 0% used [0x000000078f800000,0x000000078f800000,0x0000000790700000)
  to   space 15360K, 0% used [0x000000078e900000,0x000000078e900000,0x000000078f800000)
 ParOldGen       total 99840K, used 22094K [0x0000000709200000, 0x000000070f380000, 0x0000000783100000)
  object space 99840K, 22% used [0x0000000709200000,0x000000070a793968,0x000000070f380000)
 Metaspace       used 20594K, capacity 21204K, committed 21248K, reserved 1069056K
  class space    used 2429K, capacity 2559K, committed 2560K, reserved 1048576K
}
Event: 9.976 GC heap before
{Heap before GC invocations=8 (full 1):
 PSYoungGen      total 203776K, used 188416K [0x0000000783100000, 0x0000000790700000, 0x00000007c0000000)
  eden space 188416K, 100% used [0x0000000783100000,0x000000078e900000,0x000000078e900000)
  from space 15360K, 0% used [0x000000078f800000,0x000000078f800000,0x0000000790700000)
  to   space 15360K, 0% used [0x000000078e900000,0x000000078e900000,0x000000078f800000)
 ParOldGen       total 99840K, used 22094K [0x0000000709200000, 0x000000070f380000, 0x0000000783100000)
  object space 99840K, 22% used [0x0000000709200000,0x000000070a793968,0x000000070f380000)
 Metaspace       used 29791K, capacity 30502K, committed 30720K, reserved 1077248K
  class space    used 3588K, capacity 3778K, committed 3840K, reserved 1048576K
Event: 10.054 GC heap after
Heap after GC invocations=8 (full 1):
 PSYoungGen      total 203776K, used 15337K [0x0000000783100000, 0x0000000797400000, 0x00000007c0000000)
  eden space 188416K, 0% used [0x0000000783100000,0x0000000783100000,0x000000078e900000)
  from space 15360K, 99% used [0x000000078e900000,0x000000078f7fa460,0x000000078f800000)
  to   space 22528K, 0% used [0x0000000795e00000,0x0000000795e00000,0x0000000797400000)
 ParOldGen       total 99840K, used 32346K [0x0000000709200000, 0x000000070f380000, 0x0000000783100000)
  object space 99840K, 32% used [0x0000000709200000,0x000000070b196a48,0x000000070f380000)
 Metaspace       used 29791K, capacity 30502K, committed 30720K, reserved 1077248K
  class space    used 3588K, capacity 3778K, committed 3840K, reserved 1048576K
}
Event: 11.827 GC heap before
{Heap before GC invocations=9 (full 1):
 PSYoungGen      total 203776K, used 76669K [0x0000000783100000, 0x0000000797400000, 0x00000007c0000000)
  eden space 188416K, 32% used [0x0000000783100000,0x0000000786ce51c8,0x000000078e900000)
  from space 15360K, 99% used [0x000000078e900000,0x000000078f7fa460,0x000000078f800000)
  to   space 22528K, 0% used [0x0000000795e00000,0x0000000795e00000,0x0000000797400000)
 ParOldGen       total 99840K, used 32346K [0x0000000709200000, 0x000000070f380000, 0x0000000783100000)
  object space 99840K, 32% used [0x0000000709200000,0x000000070b196a48,0x000000070f380000)
 Metaspace       used 34600K, capacity 35270K, committed 35416K, reserved 1081344K
  class space    used 4285K, capacity 4450K, committed 4480K, reserved 1048576K
Event: 11.875 GC heap after
Heap after GC invocations=9 (full 1):
 PSYoungGen      total 304640K, used 22509K [0x0000000783100000, 0x0000000797b80000, 0x00000007c0000000)
  eden space 282112K, 0% used [0x0000000783100000,0x0000000783100000,0x0000000794480000)
  from space 22528K, 99% used [0x0000000795e00000,0x00000007973fb580,0x0000000797400000)
  to   space 26112K, 0% used [0x0000000794480000,0x0000000794480000,0x0000000795e00000)
 ParOldGen       total 99840K, used 32827K [0x0000000709200000, 0x000000070f380000, 0x0000000783100000)
  object space 99840K, 32% used [0x0000000709200000,0x000000070b20ecf8,0x000000070f380000)
 Metaspace       used 34600K, capacity 35270K, committed 35416K, reserved 1081344K
  class space    used 4285K, capacity 4450K, committed 4480K, reserved 1048576K
}
Event: 11.876 GC heap before
{Heap before GC invocations=10 (full 2):
 PSYoungGen      total 304640K, used 22509K [0x0000000783100000, 0x0000000797b80000, 0x00000007c0000000)
  eden space 282112K, 0% used [0x0000000783100000,0x0000000783100000,0x0000000794480000)
  from space 22528K, 99% used [0x0000000795e00000,0x00000007973fb580,0x0000000797400000)
  to   space 26112K, 0% used [0x0000000794480000,0x0000000794480000,0x0000000795e00000)
 ParOldGen       total 99840K, used 32827K [0x0000000709200000, 0x000000070f380000, 0x0000000783100000)
  object space 99840K, 32% used [0x0000000709200000,0x000000070b20ecf8,0x000000070f380000)
 Metaspace       used 34600K, capacity 35270K, committed 35416K, reserved 1081344K
  class space    used 4285K, capacity 4450K, committed 4480K, reserved 1048576K
Event: 12.059 GC heap after
Heap after GC invocations=10 (full 2):
 PSYoungGen      total 304640K, used 0K [0x0000000783100000, 0x0000000797b80000, 0x00000007c0000000)
  eden space 282112K, 0% used [0x0000000783100000,0x0000000783100000,0x0000000794480000)
  from space 22528K, 0% used [0x0000000795e00000,0x0000000795e00000,0x0000000797400000)
  to   space 26112K, 0% used [0x0000000794480000,0x0000000794480000,0x0000000795e00000)
 ParOldGen       total 162816K, used 42520K [0x0000000709200000, 0x0000000713100000, 0x0000000783100000)
  object space 162816K, 26% used [0x0000000709200000,0x000000070bb860e8,0x0000000713100000)
 Metaspace       used 34600K, capacity 35270K, committed 35416K, reserved 1081344K
  class space    used 4285K, capacity 4450K, committed 4480K, reserved 1048576K
}
Event: 67.921 GC heap before
{Heap before GC invocations=11 (full 2):
 PSYoungGen      total 304640K, used 282112K [0x0000000783100000, 0x0000000797b80000, 0x00000007c0000000)
  eden space 282112K, 100% used [0x0000000783100000,0x0000000794480000,0x0000000794480000)
  from space 22528K, 0% used [0x0000000795e00000,0x0000000795e00000,0x0000000797400000)
  to   space 26112K, 0% used [0x0000000794480000,0x0000000794480000,0x0000000795e00000)
 ParOldGen       total 162816K, used 42520K [0x0000000709200000, 0x0000000713100000, 0x0000000783100000)
  object space 162816K, 26% used [0x0000000709200000,0x000000070bb860e8,0x0000000713100000)
 Metaspace       used 45759K, capacity 46718K, committed 46936K, reserved 1089536K
  class space    used 5666K, capacity 5926K, committed 6016K, reserved 1048576K

